C:\Users\jbowes\Documents\GitHub\QCameraInterface\Debug\cl.command.1.tlog
C:\Users\jbowes\Documents\GitHub\QCameraInterface\Debug\CL.read.1.tlog
C:\Users\jbowes\Documents\GitHub\QCameraInterface\Debug\CL.write.1.tlog
C:\Users\jbowes\Documents\GitHub\QCameraInterface\Debug\custombuild.command.1.tlog
C:\Users\jbowes\Documents\GitHub\QCameraInterface\Debug\custombuild.read.1.tlog
C:\Users\jbowes\Documents\GitHub\QCameraInterface\Debug\custombuild.write.1.tlog
C:\Users\jbowes\Documents\GitHub\QCameraInterface\Debug\link.command.1.tlog
C:\Users\jbowes\Documents\GitHub\QCameraInterface\Debug\link.read.1.tlog
C:\Users\jbowes\Documents\GitHub\QCameraInterface\Debug\link.write.1.tlog
C:\USERS\JBOWES\DOCUMENTS\GITHUB\QCAMERAINTERFACE\DEBUG\MOC_QCAMERA.OBJ
C:\USERS\JBOWES\DOCUMENTS\GITHUB\QCAMERAINTERFACE\DEBUG\MOC_QCAMERADIALOG.OBJ
C:\USERS\JBOWES\DOCUMENTS\GITHUB\QCAMERAINTERFACE\DEBUG\MOC_QCAMERAINTERFACE.OBJ
C:\USERS\JBOWES\DOCUMENTS\GITHUB\QCAMERAINTERFACE\DEBUG\MOC_QCAMERAMANAGER.OBJ
C:\USERS\JBOWES\DOCUMENTS\GITHUB\QCAMERAINTERFACE\DEBUG\MOC_QCAMERAPROPERTIES.OBJ
C:\Users\jbowes\Documents\GitHub\QCameraInterface\Debug\mt.command.1.tlog
C:\Users\jbowes\Documents\GitHub\QCameraInterface\Debug\mt.read.1.tlog
C:\Users\jbowes\Documents\GitHub\QCameraInterface\Debug\mt.write.1.tlog
C:\USERS\JBOWES\DOCUMENTS\GITHUB\QCAMERAINTERFACE\DEBUG\QCAMERADIALOG.OBJ
C:\USERS\JBOWES\DOCUMENTS\GITHUB\QCAMERAINTERFACE\DEBUG\QCAMERAINTERFACE.DLL
C:\USERS\JBOWES\DOCUMENTS\GITHUB\QCAMERAINTERFACE\DEBUG\QCAMERAINTERFACE.DLL.INTERMEDIATE.MANIFEST
C:\Users\jbowes\Documents\GitHub\QCameraInterface\Debug\QCameraInterface.exp
C:\USERS\JBOWES\DOCUMENTS\GITHUB\QCAMERAINTERFACE\DEBUG\QCAMERAINTERFACE.ILK
C:\Users\jbowes\Documents\GitHub\QCameraInterface\Debug\QCameraInterface.lib
C:\USERS\JBOWES\DOCUMENTS\GITHUB\QCAMERAINTERFACE\DEBUG\QCAMERAINTERFACE.PDB
C:\Users\jbowes\Documents\GitHub\QCameraInterface\Debug\QCameraInterface.write.1.tlog
C:\USERS\JBOWES\DOCUMENTS\GITHUB\QCAMERAINTERFACE\DEBUG\QCAMERAMANAGER.OBJ
C:\USERS\JBOWES\DOCUMENTS\GITHUB\QCAMERAINTERFACE\DEBUG\QCAMERAPROPERTIES.OBJ
C:\USERS\JBOWES\DOCUMENTS\GITHUB\QCAMERAINTERFACE\DEBUG\QCAMERAPROPERTY.OBJ
C:\USERS\JBOWES\DOCUMENTS\GITHUB\QCAMERAINTERFACE\DEBUG\VC100.PDB
C:\USERS\JBOWES\DOCUMENTS\GITHUB\QCAMERAINTERFACE\GENERATEDFILES\DEBUG\MOC_QCAMERA.CPP
C:\USERS\JBOWES\DOCUMENTS\GITHUB\QCAMERAINTERFACE\GENERATEDFILES\DEBUG\MOC_QCAMERADIALOG.CPP
C:\USERS\JBOWES\DOCUMENTS\GITHUB\QCAMERAINTERFACE\GENERATEDFILES\DEBUG\MOC_QCAMERAINTERFACE.CPP
C:\USERS\JBOWES\DOCUMENTS\GITHUB\QCAMERAINTERFACE\GENERATEDFILES\DEBUG\MOC_QCAMERAMANAGER.CPP
C:\USERS\JBOWES\DOCUMENTS\GITHUB\QCAMERAINTERFACE\GENERATEDFILES\DEBUG\MOC_QCAMERAPROPERTIES.CPP
C:\USERS\JBOWES\DOCUMENTS\GITHUB\QCAMERAINTERFACE\GENERATEDFILES\UI_QCAMERADIALOG.H
